Determining if the pthread_create exist failed with the following output:
Change Dir: /home/lfarol28/Desktop/TextAdventure/build/CMakeFiles/CMakeTmp

Run Build Command:"/usr/bin/make" "cmTryCompileExec1145367163/fast"
/usr/bin/make -f CMakeFiles/cmTryCompileExec1145367163.dir/build.make CMakeFiles/cmTryCompileExec1145367163.dir/build
make[1]: Entering directory `/home/lfarol28/Desktop/TextAdventure/build/CMakeFiles/CMakeTmp'
/usr/bin/cmake -E cmake_progress_report /home/lfarol28/Desktop/TextAdventure/build/CMakeFiles/CMakeTmp/CMakeFiles 1
Building C object CMakeFiles/cmTryCompileExec1145367163.dir/CheckSymbolExists.c.o
/usr/bin/cc    -o CMakeFiles/cmTryCompileExec1145367163.dir/CheckSymbolExists.c.o   -c /home/lfarol28/Desktop/TextAdventure/build/CMakeFiles/CMakeTmp/CheckSymbolExists.c
Linking C executable cmTryCompileExec1145367163
/usr/bin/cmake -E cmake_link_script CMakeFiles/cmTryCompileExec1145367163.dir/link.txt --verbose=1
/usr/bin/cc       CMakeFiles/cmTryCompileExec1145367163.dir/CheckSymbolExists.c.o  -o cmTryCompileExec1145367163 -rdynamic 
CMakeFiles/cmTryCompileExec1145367163.dir/CheckSymbolExists.c.o: In function `main':
CheckSymbolExists.c:(.text+0x16): undefined reference to `pthread_create'
collect2: error: ld returned 1 exit status
make[1]: Leaving directory `/home/lfarol28/Desktop/TextAdventure/build/CMakeFiles/CMakeTmp'
make[1]: *** [cmTryCompileExec1145367163] Error 1
make: *** [cmTryCompileExec1145367163/fast] Error 2

File /home/lfarol28/Desktop/TextAdventure/build/CMakeFiles/CMakeTmp/CheckSymbolExists.c:
/* */
#include <pthread.h>

int main(int argc, char** argv)
{
  (void)argv;
#ifndef pthread_create
  return ((int*)(&pthread_create))[argc];
#else
  (void)argc;
  return 0;
#endif
}

Determining if the function pthread_create exists in the pthreads failed with the following output:
Change Dir: /home/lfarol28/Desktop/TextAdventure/build/CMakeFiles/CMakeTmp

Run Build Command:"/usr/bin/make" "cmTryCompileExec2627103197/fast"
/usr/bin/make -f CMakeFiles/cmTryCompileExec2627103197.dir/build.make CMakeFiles/cmTryCompileExec2627103197.dir/build
make[1]: Entering directory `/home/lfarol28/Desktop/TextAdventure/build/CMakeFiles/CMakeTmp'
/usr/bin/cmake -E cmake_progress_report /home/lfarol28/Desktop/TextAdventure/build/CMakeFiles/CMakeTmp/CMakeFiles 1
Building C object CMakeFiles/cmTryCompileExec2627103197.dir/CheckFunctionExists.c.o
/usr/bin/cc   -DCHECK_FUNCTION_EXISTS=pthread_create   -o CMakeFiles/cmTryCompileExec2627103197.dir/CheckFunctionExists.c.o   -c /usr/share/cmake-3.2/Modules/CheckFunctionExists.c
Linking C executable cmTryCompileExec2627103197
/usr/bin/cmake -E cmake_link_script CMakeFiles/cmTryCompileExec2627103197.dir/link.txt --verbose=1
/usr/bin/cc   -DCHECK_FUNCTION_EXISTS=pthread_create    CMakeFiles/cmTryCompileExec2627103197.dir/CheckFunctionExists.c.o  -o cmTryCompileExec2627103197 -rdynamic -lpthreads 
/usr/bin/ld: cannot find -lpthreads
make[1]: Leaving directory `/home/lfarol28/Desktop/TextAdventure/build/CMakeFiles/CMakeTmp'
collect2: error: ld returned 1 exit status
make[1]: *** [cmTryCompileExec2627103197] Error 1
make: *** [cmTryCompileExec2627103197/fast] Error 2


